build/outputs/mapping/debug/seeds.txt
androidx.lifecycle.Lifecycle$Event: androidx.lifecycle.Lifecycle$Event ON_CREATE
androidx.appcompat.widget.AppCompatSpinner$SavedState: android.os.Parcelable$Creator CREATOR
com.google.android.material.appbar.AppBarLayout$BaseBehavior$SavedState: android.os.Parcelable$Creator CREATOR
androidx.lifecycle.Lifecycle$Event: androidx.lifecycle.Lifecycle$Event ON_START
androidx.concurrent.futures.AbstractResolvableFuture$Waiter: androidx.concurrent.futures.AbstractResolvableFuture$Waiter next
com.google.android.material.datepicker.DateValidatorPointForward: android.os.Parcelable$Creator CREATOR
androidx.lifecycle.Lifecycle$Event: androidx.lifecycle.Lifecycle$Event[] $VALUES
androidx.lifecycle.Lifecycle$Event: androidx.lifecycle.Lifecycle$Event ON_STOP
com.google.android.material.internal.ParcelableSparseArray: android.os.Parcelable$Creator CREATOR
androidx.lifecycle.ProcessLifecycleOwner$attach$1: androidx.lifecycle.ProcessLifecycleOwner this$0
androidx.recyclerview.widget.RecyclerView$SavedState: android.os.Parcelable$Creator CREATOR
androidx.lifecycle.Lifecycle$Event: androidx.lifecycle.Lifecycle$Event ON_RESUME
com.google.android.material.stateful.ExtendableSavedState: android.os.Parcelable$Creator CREATOR
com.google.android.material.sidesheet.SideSheetBehavior$SavedState: android.os.Parcelable$Creator CREATOR
androidx.activity.result.ActivityResult: android.os.Parcelable$Creator CREATOR
com.google.android.material.checkbox.MaterialCheckBox$SavedState: android.os.Parcelable$Creator CREATOR
androidx.fragment.app.BackStackState: android.os.Parcelable$Creator CREATOR
com.google.android.material.internal.CheckableImageButton$SavedState: android.os.Parcelable$Creator CREATOR
com.google.android.material.bottomsheet.BottomSheetBehavior$SavedState: android.os.Parcelable$Creator CREATOR
androidx.lifecycle.ProcessLifecycleOwner$attach$1$onActivityPreCreated$1: androidx.lifecycle.ProcessLifecycleOwner this$0
com.google.android.material.button.MaterialButton$SavedState: android.os.Parcelable$Creator CREATOR
androidx.lifecycle.Lifecycle$Event: androidx.lifecycle.Lifecycle$Event$Companion Companion
androidx.transition.ChangeBounds$6: androidx.transition.ChangeBounds$ViewBounds mViewBounds
androidx.concurrent.futures.AbstractResolvableFuture: java.lang.Object value
com.google.android.material.floatingactionbutton.FloatingActionButton: void setBackgroundDrawable(android.graphics.drawable.Drawable)
com.google.android.material.textfield.TextInputLayout: void setBoxStrokeWidthFocused(int)
com.google.android.material.chip.Chip: void setEnsureMinTouchTargetSize(boolean)
com.google.android.material.chip.Chip: void setCheckableResource(int)
androidx.core.widget.TextViewCompat$Api23Impl: android.content.res.ColorStateList getCompoundDrawableTintList(android.widget.TextView)
androidx.activity.ComponentActivity: void setContentView(android.view.View)
com.google.android.material.floatingactionbutton.FloatingActionButton: com.google.android.material.animation.MotionSpec getShowMotionSpec()
com.google.android.material.chip.Chip: void setShowMotionSpecResource(int)
androidx.core.view.WindowInsetsCompat$BuilderImpl: androidx.core.view.WindowInsetsCompat build()
androidx.core.view.ViewCompat$Api21Impl: boolean dispatchNestedPreScroll(android.view.View,int,int,int[],int[])
androidx.appcompat.widget.DropDownListView$Api33Impl: boolean isSelectedChildViewEnabled(android.widget.AbsListView)
com.google.android.material.button.MaterialButton: void setBackgroundTintMode(android.graphics.PorterDuff$Mode)
com.google.android.material.appbar.MaterialToolbar: void setTitleCentered(boolean)
androidx.activity.OnBackPressedDispatcher$Api33Impl: void registerOnBackInvokedCallback(java.lang.Object,int,java.lang.Object)
androidx.lifecycle.ReportFragment$LifecycleCallbacks: void onActivityPostCreated(android.app.Activity,android.os.Bundle)
com.dropbox.core.v2.teampolicies.OfficeAddInPolicy: com.dropbox.core.v2.teampolicies.OfficeAddInPolicy valueOf(java.lang.String)