build/outputs/mapping/debug/usage.txt
kotlin.reflect.KType$DefaultImpls
kotlin.reflect.KType
kotlin.reflect.KTypeParameter
kotlin.reflect.KTypeProjection$Companion
kotlin.reflect.KTypeProjection$WhenMappings
kotlin.reflect.KTypeProjection
kotlin.reflect.KVariance
kotlin.reflect.KVisibility
kotlin.reflect.ParameterizedTypeImpl$getTypeName$1$1
kotlin.reflect.ParameterizedTypeImpl
kotlin.reflect.TypeImpl
kotlin.reflect.TypeOfKt
kotlin.reflect.TypeVariableImpl
kotlin.reflect.TypesJVMKt$WhenMappings
kotlin.reflect.TypesJVMKt$typeToString$unwrap$1
kotlin.reflect.TypesJVMKt
kotlin.reflect.WildcardTypeImpl$Companion
kotlin.reflect.WildcardTypeImpl
kotlin.sequences.ConstrainedOnceSequence
kotlin.sequences.DistinctIterator
kotlin.sequences.DistinctSequence
kotlin.sequences.DropSequence$iterator$1:
    public final java.util.Iterator getIterator()
    public final int getLeft()
    public final void setLeft(int)
kotlin.sequences.DropSequence:
    public kotlin.sequences.Sequence take(int)
kotlin.sequences.DropTakeSequence:
    public abstract kotlin.sequences.Sequence take(int)
kotlin.sequences.DropWhileSequence$iterator$1
kotlin.sequences.DropWhileSequence
kotlin.sequences.EmptySequence
kotlin.sequences.FilteringSequence$iterator$1
kotlin.sequences.FilteringSequence
kotlin.sequences.FlatteningSequence$State
kotlin.sequences.FlatteningSequence$iterator$1
kotlin.sequences.FlatteningSequence
kotlin.sequences.GeneratorSequence$iterator$1
kotlin.sequences.GeneratorSequence
kotlin.sequences.IndexingSequence$iterator$1
kotlin.sequences.IndexingSequence
kotlin.sequences.MergingSequence$iterator$1
kotlin.sequences.MergingSequence
kotlin.sequences.SequenceBuilderIterator:
    public final kotlin.coroutines.Continuation getNextStep()
kotlin.sequences.SequenceScope:
    public final java.lang.Object yieldAll(java.lang.Iterable,kotlin.coroutines.Continuation)
kotlin.sequences.SequencesKt:
    private void <init>()
kotlin.sequences.SequencesKt__SequenceBuilderKt:
    private static final int State_Done
    private static final int State_Failed
    private static final int State_ManyNotReady
    private static final int State_ManyReady
    private static final int State_NotReady
    private static final int State_Ready
    public void <init>()
kotlin.sequences.SequencesKt__SequencesJVMKt:
    public void <init>()
    private static final kotlin.sequences.Sequence asSequence(java.util.Enumeration)
kotlin.sequences.SequencesKt__SequencesKt$Sequence$1
kotlin.sequences.SequencesKt__SequencesKt$asSequence$$inlined$Sequence$1
kotlin.sequences.SequencesKt__SequencesKt$flatMapIndexed$1
kotlin.sequences.SequencesKt__SequencesKt$ifEmpty$1
kotlin.sequences.SequencesKt__SequencesKt$sequenceOf$$inlined$Sequence$1
kotlin.sequences.SequencesKt__SequencesKt$sequenceOf$1$1
kotlin.sequences.SequencesKt__SequencesKt$shuffled$1